2023-04-19 15:12:56 INFO  Log:11 - **************************
2023-04-19 15:12:56 INFO  Log:12 - **************************
2023-04-19 15:12:56 INFO  Log:13 - This is the beginning of my test case
2023-04-19 15:12:56 INFO  Log:27 - My test case is executing right now
2023-04-19 15:12:56 INFO  Log:20 - ######################
2023-04-19 15:12:56 INFO  Log:21 - ######################
2023-04-19 15:12:56 INFO  Log:22 - #########My test case may have some trival issues#############
2023-04-19 15:13:01 INFO  Log:11 - **************************
2023-04-19 15:13:01 INFO  Log:12 - **************************
2023-04-19 15:13:01 INFO  Log:13 - This is the beginning of my test case
2023-04-19 15:13:01 INFO  Log:27 - My test case is executing right now
2023-04-19 15:13:01 INFO  Log:20 - ######################
2023-04-19 15:13:01 INFO  Log:21 - ######################
2023-04-19 15:13:01 INFO  Log:22 - #########My test case may have some trival issues#############
2023-04-19 15:13:11 INFO  Log:11 - **************************
2023-04-19 15:13:11 INFO  Log:12 - **************************
2023-04-19 15:13:11 INFO  Log:13 - This is the beginning of my test case
2023-04-19 15:13:11 INFO  Log:27 - My test case is executing right now
2023-04-19 15:13:11 INFO  Log:20 - ######################
2023-04-19 15:13:11 INFO  Log:21 - ######################
2023-04-19 15:13:11 INFO  Log:22 - #########My test case may have some trival issues#############
2023-04-19 15:13:15 INFO  Log:11 - **************************
2023-04-19 15:13:15 INFO  Log:12 - **************************
2023-04-19 15:13:15 INFO  Log:13 - This is the beginning of my test case
2023-04-19 15:13:15 INFO  Log:27 - My test case is executing right now
2023-04-19 15:13:15 INFO  Log:20 - ######################
2023-04-19 15:13:15 INFO  Log:21 - ######################
2023-04-19 15:13:15 INFO  Log:22 - #########My test case may have some trival issues#############
2023-04-19 15:13:18 INFO  Log:11 - **************************
2023-04-19 15:13:18 INFO  Log:12 - **************************
2023-04-19 15:13:18 INFO  Log:13 - This is the beginning of my test case
2023-04-19 15:13:18 INFO  Log:27 - My test case is executing right now
2023-04-19 15:13:18 INFO  Log:20 - ######################
2023-04-19 15:13:18 INFO  Log:21 - ######################
2023-04-19 15:13:18 INFO  Log:22 - #########My test case may have some trival issues#############
2023-04-19 15:13:23 INFO  Log:11 - **************************
2023-04-19 15:13:23 INFO  Log:12 - **************************
2023-04-19 15:13:23 INFO  Log:13 - This is the beginning of my test case
2023-04-19 15:13:23 INFO  Log:27 - My test case is executing right now
2023-04-19 15:13:23 INFO  Log:20 - ######################
2023-04-19 15:13:23 INFO  Log:21 - ######################
2023-04-19 15:13:23 INFO  Log:22 - #########My test case may have some trival issues#############
2023-04-19 15:13:26 INFO  Log:11 - **************************
2023-04-19 15:13:26 INFO  Log:12 - **************************
2023-04-19 15:13:26 INFO  Log:13 - This is the beginning of my test case
2023-04-19 15:13:26 INFO  Log:27 - My test case is executing right now
2023-04-19 15:13:26 INFO  Log:20 - ######################
2023-04-19 15:13:26 INFO  Log:21 - ######################
2023-04-19 15:13:26 INFO  Log:22 - #########My test case may have some trival issues#############
2023-04-19 15:13:30 INFO  Log:11 - **************************
2023-04-19 15:13:30 INFO  Log:12 - **************************
2023-04-19 15:13:30 INFO  Log:13 - This is the beginning of my test case
2023-04-19 15:13:30 INFO  Log:27 - My test case is executing right now
2023-04-19 15:13:30 INFO  Log:20 - ######################
2023-04-19 15:13:30 INFO  Log:21 - ######################
2023-04-19 15:13:30 INFO  Log:22 - #########My test case may have some trival issues#############
2023-04-19 15:21:45 INFO  Log:11 - **************************
2023-04-19 15:21:45 INFO  Log:12 - **************************
2023-04-19 15:21:45 INFO  Log:13 - This is the beginning of my test case
2023-04-19 15:21:45 INFO  Log:27 - My test case is executing right now
2023-04-19 15:21:45 INFO  Log:20 - ######################
2023-04-19 15:21:45 INFO  Log:21 - ######################
2023-04-19 15:21:45 INFO  Log:22 - #########My test case may have some trival issues#############
2023-04-19 15:22:02 INFO  Log:27 - This test case is about to complete
2023-04-19 15:22:02 INFO  Log:20 - ######################
2023-04-19 15:22:02 INFO  Log:21 - ######################
2023-04-19 15:22:02 INFO  Log:22 - #########This test case is finished#############
2023-04-24 12:37:09 INFO  Log:11 - **************************
2023-04-24 12:37:09 INFO  Log:12 - **************************
2023-04-24 12:37:09 INFO  Log:13 - This is the beginning of my test case
2023-04-24 12:37:09 INFO  Log:27 - My test case is executing right now
2023-04-24 12:37:09 INFO  Log:20 - ######################
2023-04-24 12:37:09 INFO  Log:21 - ######################
2023-04-24 12:37:09 INFO  Log:22 - #########My test case may have some trival issues#############
2023-04-24 12:37:23 INFO  Log:27 - This test case is about to complete
2023-04-24 12:37:23 INFO  Log:20 - ######################
2023-04-24 12:37:23 INFO  Log:21 - ######################
2023-04-24 12:37:23 INFO  Log:22 - #########This test case is finished#############
2023-04-24 12:37:27 INFO  Log:11 - **************************
2023-04-24 12:37:27 INFO  Log:12 - **************************
2023-04-24 12:37:27 INFO  Log:13 - This is the beginning of my test case
2023-04-24 12:37:27 INFO  Log:27 - My test case is executing right now
2023-04-24 12:37:27 INFO  Log:20 - ######################
2023-04-24 12:37:27 INFO  Log:21 - ######################
2023-04-24 12:37:27 INFO  Log:22 - #########My test case may have some trival issues#############
2023-04-24 12:37:41 INFO  Log:27 - This test case is about to complete
2023-04-24 12:37:41 INFO  Log:20 - ######################
2023-04-24 12:37:41 INFO  Log:21 - ######################
2023-04-24 12:37:41 INFO  Log:22 - #########This test case is finished#############
2023-04-24 12:37:45 INFO  Log:11 - **************************
2023-04-24 12:37:45 INFO  Log:12 - **************************
2023-04-24 12:37:45 INFO  Log:13 - This is the beginning of my test case
2023-04-24 12:37:45 INFO  Log:27 - My test case is executing right now
2023-04-24 12:37:45 INFO  Log:20 - ######################
2023-04-24 12:37:45 INFO  Log:21 - ######################
2023-04-24 12:37:45 INFO  Log:22 - #########My test case may have some trival issues#############
2023-04-24 12:37:59 INFO  Log:27 - This test case is about to complete
2023-04-24 12:37:59 INFO  Log:20 - ######################
2023-04-24 12:37:59 INFO  Log:21 - ######################
2023-04-24 12:37:59 INFO  Log:22 - #########This test case is finished#############
2023-04-24 12:38:03 INFO  Log:11 - **************************
2023-04-24 12:38:03 INFO  Log:12 - **************************
2023-04-24 12:38:03 INFO  Log:13 - This is the beginning of my test case
2023-04-24 12:38:03 INFO  Log:27 - My test case is executing right now
2023-04-24 12:38:03 INFO  Log:20 - ######################
2023-04-24 12:38:03 INFO  Log:21 - ######################
2023-04-24 12:38:03 INFO  Log:22 - #########My test case may have some trival issues#############
2023-04-24 12:38:11 INFO  Log:27 - This test case is about to complete
2023-04-24 12:38:11 INFO  Log:20 - ######################
2023-04-24 12:38:11 INFO  Log:21 - ######################
2023-04-24 12:38:11 INFO  Log:22 - #########This test case is finished#############
2023-04-24 12:38:15 INFO  Log:11 - **************************
2023-04-24 12:38:15 INFO  Log:12 - **************************
2023-04-24 12:38:15 INFO  Log:13 - This is the beginning of my test case
2023-04-24 12:38:15 INFO  Log:27 - My test case is executing right now
2023-04-24 12:38:15 INFO  Log:20 - ######################
2023-04-24 12:38:15 INFO  Log:21 - ######################
2023-04-24 12:38:15 INFO  Log:22 - #########My test case may have some trival issues#############
2023-04-24 12:38:24 INFO  Log:27 - This test case is about to complete
2023-04-24 12:38:24 INFO  Log:20 - ######################
2023-04-24 12:38:24 INFO  Log:21 - ######################
2023-04-24 12:38:24 INFO  Log:22 - #########This test case is finished#############
2023-04-24 12:38:29 INFO  Log:11 - **************************
2023-04-24 12:38:29 INFO  Log:12 - **************************
2023-04-24 12:38:29 INFO  Log:13 - This is the beginning of my test case
2023-04-24 12:38:29 INFO  Log:27 - My test case is executing right now
2023-04-24 12:38:29 INFO  Log:20 - ######################
2023-04-24 12:38:29 INFO  Log:21 - ######################
2023-04-24 12:38:29 INFO  Log:22 - #########My test case may have some trival issues#############
2023-04-24 12:38:36 INFO  Log:27 - This test case is about to complete
2023-04-24 12:38:36 INFO  Log:20 - ######################
2023-04-24 12:38:36 INFO  Log:21 - ######################
2023-04-24 12:38:36 INFO  Log:22 - #########This test case is finished#############
2023-04-24 12:38:41 INFO  Log:11 - **************************
2023-04-24 12:38:41 INFO  Log:12 - **************************
2023-04-24 12:38:41 INFO  Log:13 - This is the beginning of my test case
2023-04-24 12:38:41 INFO  Log:27 - My test case is executing right now
2023-04-24 12:38:41 INFO  Log:20 - ######################
2023-04-24 12:38:41 INFO  Log:21 - ######################
2023-04-24 12:38:41 INFO  Log:22 - #########My test case may have some trival issues#############
2023-04-24 12:38:49 INFO  Log:27 - This test case is about to complete
2023-04-24 12:38:49 INFO  Log:20 - ######################
2023-04-24 12:38:49 INFO  Log:21 - ######################
2023-04-24 12:38:49 INFO  Log:22 - #########This test case is finished#############
2023-04-24 12:38:53 INFO  Log:11 - **************************
2023-04-24 12:38:53 INFO  Log:12 - **************************
2023-04-24 12:38:53 INFO  Log:13 - This is the beginning of my test case
2023-04-24 12:38:53 INFO  Log:27 - My test case is executing right now
2023-04-24 12:38:53 INFO  Log:20 - ######################
2023-04-24 12:38:53 INFO  Log:21 - ######################
2023-04-24 12:38:53 INFO  Log:22 - #########My test case may have some trival issues#############
2023-04-24 12:39:05 INFO  Log:27 - This test case is about to complete
2023-04-24 12:39:05 INFO  Log:20 - ######################
2023-04-24 12:39:05 INFO  Log:21 - ######################
2023-04-24 12:39:05 INFO  Log:22 - #########This test case is finished#############
2023-04-24 22:38:48 INFO  Log:11 - **************************
2023-04-24 22:38:48 INFO  Log:12 - **************************
2023-04-24 22:38:48 INFO  Log:13 - This is the beginning of my test case
2023-04-24 22:38:48 INFO  Log:27 - My test case is executing right now
2023-04-24 22:38:48 INFO  Log:20 - ######################
2023-04-24 22:38:48 INFO  Log:21 - ######################
2023-04-24 22:38:48 INFO  Log:22 - #########My test case may have some trival issues#############
2023-04-24 22:39:04 INFO  Log:27 - This test case is about to complete
2023-04-24 22:39:04 INFO  Log:20 - ######################
2023-04-24 22:39:04 INFO  Log:21 - ######################
2023-04-24 22:39:04 INFO  Log:22 - #########This test case is finished#############
2023-04-24 22:41:15 INFO  Log:11 - **************************
2023-04-24 22:41:15 INFO  Log:12 - **************************
2023-04-24 22:41:15 INFO  Log:13 - This is the beginning of my test case
2023-04-24 22:41:15 INFO  Log:27 - My test case is executing right now
2023-04-24 22:41:15 INFO  Log:20 - ######################
2023-04-24 22:41:15 INFO  Log:21 - ######################
2023-04-24 22:41:15 INFO  Log:22 - #########My test case may have some trival issues#############
2023-04-24 22:41:30 INFO  Log:27 - This test case is about to complete
2023-04-24 22:41:30 INFO  Log:20 - ######################
2023-04-24 22:41:30 INFO  Log:21 - ######################
2023-04-24 22:41:30 INFO  Log:22 - #########This test case is finished#############
2023-04-24 22:52:08 INFO  Log:11 - **************************
2023-04-24 22:52:08 INFO  Log:12 - **************************
2023-04-24 22:52:08 INFO  Log:13 - This is the beginning of my test case
2023-04-24 22:52:08 INFO  Log:27 - My test case is executing right now
2023-04-24 22:52:08 INFO  Log:20 - ######################
2023-04-24 22:52:08 INFO  Log:21 - ######################
2023-04-24 22:52:08 INFO  Log:22 - #########My test case may have some trival issues#############
2023-04-24 22:52:24 INFO  Log:27 - This test case is about to complete
2023-04-24 22:52:24 INFO  Log:20 - ######################
2023-04-24 22:52:24 INFO  Log:21 - ######################
2023-04-24 22:52:24 INFO  Log:22 - #########This test case is finished#############
2023-04-25 10:19:12 INFO  Log:11 - **************************
2023-04-25 10:19:12 INFO  Log:12 - **************************
2023-04-25 10:19:12 INFO  Log:13 - This is the beginning of my test case
2023-04-25 10:19:12 INFO  Log:27 - My test case is executing right now
2023-04-25 10:19:12 INFO  Log:20 - ######################
2023-04-25 10:19:12 INFO  Log:21 - ######################
2023-04-25 10:19:12 INFO  Log:22 - #########My test case may have some trival issues#############
2023-04-25 10:19:28 INFO  Log:27 - This test case is about to complete
2023-04-25 10:19:28 INFO  Log:20 - ######################
2023-04-25 10:19:28 INFO  Log:21 - ######################
2023-04-25 10:19:28 INFO  Log:22 - #########This test case is finished#############
2023-04-25 10:22:31 INFO  Log:11 - **************************
2023-04-25 10:22:31 INFO  Log:12 - **************************
2023-04-25 10:22:31 INFO  Log:13 - This is the beginning of my test case
2023-04-25 10:22:31 INFO  Log:27 - My test case is executing right now
2023-04-25 10:22:31 INFO  Log:20 - ######################
2023-04-25 10:22:31 INFO  Log:21 - ######################
2023-04-25 10:22:31 INFO  Log:22 - #########My test case may have some trival issues#############
2023-04-25 10:22:49 INFO  Log:27 - This test case is about to complete
2023-04-25 10:22:49 INFO  Log:20 - ######################
2023-04-25 10:22:49 INFO  Log:21 - ######################
2023-04-25 10:22:49 INFO  Log:22 - #########This test case is finished#############
2023-04-25 11:08:32 INFO  Log:11 - **************************
2023-04-25 11:08:32 INFO  Log:12 - **************************
2023-04-25 11:08:32 INFO  Log:13 - This is the beginning of my test case
2023-04-25 11:08:32 INFO  Log:27 - My test case is executing right now
2023-04-25 11:08:32 INFO  Log:20 - ######################
2023-04-25 11:08:32 INFO  Log:21 - ######################
2023-04-25 11:08:32 INFO  Log:22 - #########My test case may have some trival issues#############
2023-04-25 11:08:50 INFO  Log:27 - This test case is about to complete
2023-04-25 11:08:50 INFO  Log:20 - ######################
2023-04-25 11:08:50 INFO  Log:21 - ######################
2023-04-25 11:08:50 INFO  Log:22 - #########This test case is finished#############
2023-04-25 11:17:23 INFO  Log:11 - **************************
2023-04-25 11:17:23 INFO  Log:12 - **************************
2023-04-25 11:17:23 INFO  Log:13 - This is the beginning of my test case
2023-04-25 11:17:23 INFO  Log:27 - My test case is executing right now
2023-04-25 11:17:23 INFO  Log:20 - ######################
2023-04-25 11:17:23 INFO  Log:21 - ######################
2023-04-25 11:17:23 INFO  Log:22 - #########My test case may have some trival issues#############
2023-04-25 11:17:41 INFO  Log:27 - This test case is about to complete
2023-04-25 11:17:41 INFO  Log:20 - ######################
2023-04-25 11:17:41 INFO  Log:21 - ######################
2023-04-25 11:17:41 INFO  Log:22 - #########This test case is finished#############
2023-04-25 12:55:57 INFO  Log:11 - **************************
2023-04-25 12:55:57 INFO  Log:12 - **************************
2023-04-25 12:55:57 INFO  Log:13 - This is the beginning of my test case
2023-04-25 12:55:57 INFO  Log:27 - My test case is executing right now
2023-04-25 12:55:57 INFO  Log:20 - ######################
2023-04-25 12:55:57 INFO  Log:21 - ######################
2023-04-25 12:55:57 INFO  Log:22 - #########My test case may have some trival issues#############
2023-04-25 12:56:15 INFO  Log:27 - This test case is about to complete
2023-04-25 12:56:15 INFO  Log:20 - ######################
2023-04-25 12:56:15 INFO  Log:21 - ######################
2023-04-25 12:56:15 INFO  Log:22 - #########This test case is finished#############
2023-04-25 12:57:34 INFO  Log:11 - **************************
2023-04-25 12:57:34 INFO  Log:12 - **************************
2023-04-25 12:57:34 INFO  Log:13 - This is the beginning of my test case
2023-04-25 12:57:34 INFO  Log:27 - My test case is executing right now
2023-04-25 12:57:34 INFO  Log:20 - ######################
2023-04-25 12:57:34 INFO  Log:21 - ######################
2023-04-25 12:57:34 INFO  Log:22 - #########My test case may have some trival issues#############
2023-04-25 12:57:51 INFO  Log:27 - This test case is about to complete
2023-04-25 12:57:51 INFO  Log:20 - ######################
2023-04-25 12:57:51 INFO  Log:21 - ######################
2023-04-25 12:57:51 INFO  Log:22 - #########This test case is finished#############
2023-04-25 15:17:01 INFO  Log:11 - **************************
2023-04-25 15:17:01 INFO  Log:12 - **************************
2023-04-25 15:17:01 INFO  Log:13 - This is the beginning of my test case
2023-04-25 15:17:01 INFO  Log:27 - My test case is executing right now
2023-04-25 15:17:01 INFO  Log:20 - ######################
2023-04-25 15:17:01 INFO  Log:21 - ######################
2023-04-25 15:17:01 INFO  Log:22 - #########My test case may have some trival issues#############
2023-04-25 15:17:18 INFO  Log:27 - This test case is about to complete
2023-04-25 15:17:18 INFO  Log:20 - ######################
2023-04-25 15:17:18 INFO  Log:21 - ######################
2023-04-25 15:17:18 INFO  Log:22 - #########This test case is finished#############
2023-04-25 15:19:08 INFO  Log:11 - **************************
2023-04-25 15:19:08 INFO  Log:12 - **************************
2023-04-25 15:19:08 INFO  Log:13 - This is the beginning of my test case
2023-04-25 15:19:08 INFO  Log:27 - My test case is executing right now
2023-04-25 15:19:08 INFO  Log:20 - ######################
2023-04-25 15:19:08 INFO  Log:21 - ######################
2023-04-25 15:19:08 INFO  Log:22 - #########My test case may have some trival issues#############
2023-04-25 15:19:28 INFO  Log:27 - This test case is about to complete
2023-04-25 15:19:28 INFO  Log:20 - ######################
2023-04-25 15:19:28 INFO  Log:21 - ######################
2023-04-25 15:19:28 INFO  Log:22 - #########This test case is finished#############
2023-04-25 15:22:51 INFO  Log:11 - **************************
2023-04-25 15:22:51 INFO  Log:12 - **************************
2023-04-25 15:22:51 INFO  Log:13 - This is the beginning of my test case
2023-04-25 15:22:51 INFO  Log:27 - My test case is executing right now
2023-04-25 15:22:51 INFO  Log:20 - ######################
2023-04-25 15:22:51 INFO  Log:21 - ######################
2023-04-25 15:22:51 INFO  Log:22 - #########My test case may have some trival issues#############
2023-04-25 15:23:10 INFO  Log:27 - This test case is about to complete
2023-04-25 15:23:10 INFO  Log:20 - ######################
2023-04-25 15:23:10 INFO  Log:21 - ######################
2023-04-25 15:23:10 INFO  Log:22 - #########This test case is finished#############
2023-04-25 15:35:58 INFO  Log:11 - **************************
2023-04-25 15:35:58 INFO  Log:12 - **************************
2023-04-25 15:35:58 INFO  Log:13 - This is the beginning of my test case
2023-04-25 15:35:58 INFO  Log:27 - My test case is executing right now
2023-04-25 15:35:58 INFO  Log:20 - ######################
2023-04-25 15:35:58 INFO  Log:21 - ######################
2023-04-25 15:35:58 INFO  Log:22 - #########My test case may have some trival issues#############
2023-04-25 15:36:15 INFO  Log:27 - This test case is about to complete
2023-04-25 15:36:15 INFO  Log:20 - ######################
2023-04-25 15:36:15 INFO  Log:21 - ######################
2023-04-25 15:36:15 INFO  Log:22 - #########This test case is finished#############
2023-04-25 15:38:20 INFO  Log:11 - **************************
2023-04-25 15:38:20 INFO  Log:12 - **************************
2023-04-25 15:38:20 INFO  Log:13 - This is the beginning of my test case
2023-04-25 15:38:20 INFO  Log:27 - My test case is executing right now
2023-04-25 15:38:20 INFO  Log:20 - ######################
2023-04-25 15:38:20 INFO  Log:21 - ######################
2023-04-25 15:38:20 INFO  Log:22 - #########My test case may have some trival issues#############
2023-04-25 15:38:38 INFO  Log:27 - This test case is about to complete
2023-04-25 15:38:38 INFO  Log:20 - ######################
2023-04-25 15:38:38 INFO  Log:21 - ######################
2023-04-25 15:38:38 INFO  Log:22 - #########This test case is finished#############
2023-04-25 15:40:57 INFO  Log:11 - **************************
2023-04-25 15:40:57 INFO  Log:12 - **************************
2023-04-25 15:40:57 INFO  Log:13 - This is the beginning of my test case
2023-04-25 15:40:57 INFO  Log:27 - My test case is executing right now
2023-04-25 15:40:57 INFO  Log:20 - ######################
2023-04-25 15:40:57 INFO  Log:21 - ######################
2023-04-25 15:40:57 INFO  Log:22 - #########My test case may have some trival issues#############
2023-04-25 15:41:14 INFO  Log:27 - This test case is about to complete
2023-04-25 15:41:14 INFO  Log:20 - ######################
2023-04-25 15:41:14 INFO  Log:21 - ######################
2023-04-25 15:41:14 INFO  Log:22 - #########This test case is finished#############
2023-04-25 15:45:43 INFO  Log:11 - **************************
2023-04-25 15:45:43 INFO  Log:12 - **************************
2023-04-25 15:45:43 INFO  Log:13 - This is the beginning of my test case
2023-04-25 15:45:43 INFO  Log:27 - My test case is executing right now
2023-04-25 15:45:43 INFO  Log:20 - ######################
2023-04-25 15:45:43 INFO  Log:21 - ######################
2023-04-25 15:45:43 INFO  Log:22 - #########My test case may have some trival issues#############
2023-04-25 15:46:01 INFO  Log:27 - This test case is about to complete
2023-04-25 15:46:01 INFO  Log:20 - ######################
2023-04-25 15:46:01 INFO  Log:21 - ######################
2023-04-25 15:46:01 INFO  Log:22 - #########This test case is finished#############
2023-04-25 15:47:56 INFO  Log:11 - **************************
2023-04-25 15:47:56 INFO  Log:12 - **************************
2023-04-25 15:47:56 INFO  Log:13 - This is the beginning of my test case
2023-04-25 15:47:56 INFO  Log:27 - My test case is executing right now
2023-04-25 15:47:56 INFO  Log:20 - ######################
2023-04-25 15:47:56 INFO  Log:21 - ######################
2023-04-25 15:47:56 INFO  Log:22 - #########My test case may have some trival issues#############
2023-04-25 15:48:14 INFO  Log:27 - This test case is about to complete
2023-04-25 15:48:14 INFO  Log:20 - ######################
2023-04-25 15:48:14 INFO  Log:21 - ######################
2023-04-25 15:48:14 INFO  Log:22 - #########This test case is finished#############
2023-04-25 15:48:51 INFO  Log:11 - **************************
2023-04-25 15:48:51 INFO  Log:12 - **************************
2023-04-25 15:48:51 INFO  Log:13 - This is the beginning of my test case
2023-04-25 15:48:51 INFO  Log:27 - My test case is executing right now
2023-04-25 15:48:51 INFO  Log:20 - ######################
2023-04-25 15:48:51 INFO  Log:21 - ######################
2023-04-25 15:48:51 INFO  Log:22 - #########My test case may have some trival issues#############
2023-04-25 15:49:09 INFO  Log:27 - This test case is about to complete
2023-04-25 15:49:09 INFO  Log:20 - ######################
2023-04-25 15:49:09 INFO  Log:21 - ######################
2023-04-25 15:49:09 INFO  Log:22 - #########This test case is finished#############
2023-04-25 15:51:22 INFO  Log:11 - **************************
2023-04-25 15:51:22 INFO  Log:12 - **************************
2023-04-25 15:51:22 INFO  Log:13 - This is the beginning of my test case
2023-04-25 15:51:22 INFO  Log:27 - My test case is executing right now
2023-04-25 15:51:22 INFO  Log:20 - ######################
2023-04-25 15:51:22 INFO  Log:21 - ######################
2023-04-25 15:51:22 INFO  Log:22 - #########My test case may have some trival issues#############
2023-04-25 15:51:39 INFO  Log:27 - This test case is about to complete
2023-04-25 15:51:39 INFO  Log:20 - ######################
2023-04-25 15:51:39 INFO  Log:21 - ######################
2023-04-25 15:51:39 INFO  Log:22 - #########This test case is finished#############
2023-04-25 15:52:28 INFO  Log:11 - **************************
2023-04-25 15:52:28 INFO  Log:12 - **************************
2023-04-25 15:52:28 INFO  Log:13 - This is the beginning of my test case
2023-04-25 15:52:28 INFO  Log:27 - My test case is executing right now
2023-04-25 15:52:28 INFO  Log:20 - ######################
2023-04-25 15:52:28 INFO  Log:21 - ######################
2023-04-25 15:52:28 INFO  Log:22 - #########My test case may have some trival issues#############
2023-04-25 16:26:33 INFO  Log:11 - **************************
2023-04-25 16:26:33 INFO  Log:12 - **************************
2023-04-25 16:26:33 INFO  Log:13 - This is the beginning of my test case
2023-04-25 16:26:33 INFO  Log:27 - My test case is executing right now
2023-04-25 16:26:33 INFO  Log:20 - ######################
2023-04-25 16:26:33 INFO  Log:21 - ######################
2023-04-25 16:26:33 INFO  Log:22 - #########My test case may have some trival issues#############
2023-04-25 16:26:53 INFO  Log:27 - This test case is about to complete
2023-04-25 16:26:53 INFO  Log:20 - ######################
2023-04-25 16:26:53 INFO  Log:21 - ######################
2023-04-25 16:26:53 INFO  Log:22 - #########This test case is finished#############
2023-04-25 16:49:49 INFO  Log:11 - **************************
2023-04-25 16:49:49 INFO  Log:12 - **************************
2023-04-25 16:49:49 INFO  Log:13 - This is the beginning of my test case
2023-04-25 16:49:49 INFO  Log:27 - My test case is executing right now
2023-04-25 16:49:49 INFO  Log:20 - ######################
2023-04-25 16:49:49 INFO  Log:21 - ######################
2023-04-25 16:49:49 INFO  Log:22 - #########My test case may have some trival issues#############
2023-04-25 16:50:08 INFO  Log:27 - This test case is about to complete
2023-04-25 16:50:08 INFO  Log:20 - ######################
2023-04-25 16:50:08 INFO  Log:21 - ######################
2023-04-25 16:50:08 INFO  Log:22 - #########This test case is finished#############
2023-04-25 16:50:45 INFO  Log:11 - **************************
2023-04-25 16:50:45 INFO  Log:12 - **************************
2023-04-25 16:50:45 INFO  Log:13 - This is the beginning of my test case
2023-04-25 16:50:45 INFO  Log:27 - My test case is executing right now
2023-04-25 16:50:45 INFO  Log:20 - ######################
2023-04-25 16:50:45 INFO  Log:21 - ######################
2023-04-25 16:50:45 INFO  Log:22 - #########My test case may have some trival issues#############
